[35m[1mScanning dependencies of target phantom_node[0m
[ 50%] [32mBuilding CXX object CMakeFiles/phantom_node.dir/src/phantom.cpp.o[0m
[01m[K/home/jacob/phantom_image_ws/src/phantom/src/phantom.cpp:[m[K In function â€˜[01m[Kint main(int, char**)[m[Kâ€™:
[01m[K/home/jacob/phantom_image_ws/src/phantom/src/phantom.cpp:29:46:[m[K [01;31m[Kerror: [m[Kâ€˜[01m[KImage[m[Kâ€™ has not been declared
   chatter_sub = n.subscribe( "chatter", 10, &Image::_listen_cb, this);
[01;32m[K                                              ^[m[K
[01m[K/home/jacob/phantom_image_ws/src/phantom/src/phantom.cpp:29:65:[m[K [01;31m[Kerror: [m[Kinvalid use of â€˜[01m[Kthis[m[Kâ€™ in non-member function
   chatter_sub = n.subscribe( "chatter", 10, &Image::_listen_cb, this);
[01;32m[K                                                                 ^[m[K
[01m[K/home/jacob/phantom_image_ws/src/phantom/src/phantom.cpp:30:48:[m[K [01;31m[Kerror: [m[Kâ€˜[01m[KImage[m[Kâ€™ has not been declared
   chatter2_sub = n.subscribe( "chatter2", 10, &Image::_clear_cb, this);
[01;32m[K                                                ^[m[K
[01m[K/home/jacob/phantom_image_ws/src/phantom/src/phantom.cpp:30:66:[m[K [01;31m[Kerror: [m[Kinvalid use of â€˜[01m[Kthis[m[Kâ€™ in non-member function
   chatter2_sub = n.subscribe( "chatter2", 10, &Image::_clear_cb, this);
[01;32m[K                                                                  ^[m[K
CMakeFiles/phantom_node.dir/build.make:62: recipe for target 'CMakeFiles/phantom_node.dir/src/phantom.cpp.o' failed
make[2]: *** [CMakeFiles/phantom_node.dir/src/phantom.cpp.o] Error 1
make[1]: *** [CMakeFiles/phantom_node.dir/all] Error 2
CMakeFiles/Makefile2:1059: recipe for target 'CMakeFiles/phantom_node.dir/all' failed
Makefile:138: recipe for target 'all' failed
make: *** [all] Error 2
