[01m[K/home/jacob/phantom_image_ws/src/phantom/src/phantom.cpp:11:6:[m[K [01;31m[Kerror: [m[Kâ€˜[01m[KSubcriber[m[Kâ€™ in namespace â€˜[01m[Kros[m[Kâ€™ does not name a type
 ros::Subcriber chatter_sub;
[01;32m[K      ^[m[K
[01m[K/home/jacob/phantom_image_ws/src/phantom/src/phantom.cpp:12:6:[m[K [01;31m[Kerror: [m[Kâ€˜[01m[KSubcriber[m[Kâ€™ in namespace â€˜[01m[Kros[m[Kâ€™ does not name a type
 ros::Subcriber chatter2_sub;
[01;32m[K      ^[m[K
[01m[K/home/jacob/phantom_image_ws/src/phantom/src/phantom.cpp:[m[K In constructor â€˜[01m[KImage::Image()[m[Kâ€™:
[01m[K/home/jacob/phantom_image_ws/src/phantom/src/phantom.cpp:27:5:[m[K [01;31m[Kerror: [m[Kexpected identifier before â€˜[01m[K{[m[Kâ€™ token
     {
[01;32m[K     ^[m[K
[01m[K/home/jacob/phantom_image_ws/src/phantom/src/phantom.cpp:30:3:[m[K [01;31m[Kerror: [m[Kâ€˜[01m[Kchatter_sub[m[Kâ€™ was not declared in this scope
   chatter_sub = n.subscribe( "chatter", 10, &Image::_listen_cb, this);
[01;32m[K   ^[m[K
[01m[K/home/jacob/phantom_image_ws/src/phantom/src/phantom.cpp:31:3:[m[K [01;31m[Kerror: [m[Kâ€˜[01m[Kchatter2_sub[m[Kâ€™ was not declared in this scope
   chatter2_sub = n.subscribe( "chatter2", 10, &Image::_clear_cb, this);
[01;32m[K   ^[m[K
make[2]: *** [CMakeFiles/phantom_node.dir/src/phantom.cpp.o] Error 1
make[1]: *** [CMakeFiles/phantom_node.dir/all] Error 2
make: *** [all] Error 2
